Generated 5 mock location records.
2026-06-13 16:56:59 | INFO     | __main__ | === DEMO RUN: Transform ===
2026-06-13 16:56:59 | INFO     | src.transform.transformer | Transforming 5 raw record(s).
2026-06-13 16:56:59 | INFO     | src.transform.transformer | Transform complete — dim_location=5, dim_time=48, fact_weather=240
2026-06-13 16:56:59 | INFO     | __main__ | === DEMO RUN: Validate ===
2026-06-13 16:56:59 | INFO     | src.validate.validator | Validating dim_location …
2026-06-13 16:56:59 | INFO     | src.validate.validator | Validation PASSED
2026-06-13 16:56:59 | INFO     | src.validate.validator | Validating dim_time …
2026-06-13 16:56:59 | INFO     | src.validate.validator | Validation PASSED
2026-06-13 16:56:59 | INFO     | src.validate.validator | Validating fact_weather …
2026-06-13 16:56:59 | INFO     | src.validate.validator | Validation PASSED
2026-06-13 16:56:59 | INFO     | src.validate.validator | ✓ ALL VALIDATIONS PASSED
2026-06-13 16:56:59 | INFO     | __main__ | === DEMO RUN: Load → DuckDB ===
2026-06-13 16:56:59 | INFO     | src.load.db_loader | Connected to DuckDB at 'weather_analytics.duckdb'.
2026-06-13 16:56:59 | INFO     | src.load.db_loader | Schema created / verified.
2026-06-13 16:56:59 | INFO     | src.load.db_loader | ✓ Loaded 5 row(s) into 'dim_location'.
2026-06-13 16:56:59 | INFO     | src.load.db_loader | ✓ Loaded 48 row(s) into 'dim_time'.
2026-06-13 16:56:59 | INFO     | src.load.db_loader | ✓ Loaded 240 row(s) into 'fact_weather'.

============================================================
SAMPLE OUTPUT — dim_location
============================================================
 location_id location_name        country  latitude  longitude
           1         Lagos        Nigeria      6.52       3.38
           2         Accra          Ghana      5.60      -0.19
           3       Abidjan  Cote D'Ivoire      5.36      -4.01
           4      Windhoek        Namibia    -22.56      17.08
           5        London United Kingdom     51.51      -0.13

============================================================
SAMPLE OUTPUT — dim_time (5 rows)
============================================================
 time_id               observed_at       date  year  month month_name  day  day_of_week day_name  hour  quarter  is_weekend
       1 2025-06-12 00:00:00+00:00 2025-06-12  2025      6       June   12            3 Thursday     0        2           0
       2 2025-06-12 01:00:00+00:00 2025-06-12  2025      6       June   12            3 Thursday     1        2           0
       3 2025-06-12 02:00:00+00:00 2025-06-12  2025      6       June   12            3 Thursday     2        2           0
       4 2025-06-12 03:00:00+00:00 2025-06-12  2025      6       June   12            3 Thursday     3        2           0
       5 2025-06-12 04:00:00+00:00 2025-06-12  2025      6       June   12            3 Thursday     4        2           0

============================================================
SAMPLE OUTPUT — fact_weather (10 rows)
============================================================
 weather_id  time_id  location_id  temperature_c  relative_humidity_pct  precipitation_mm  wind_speed_kmh  wind_direction_deg  surface_pressure_hpa  cloud_cover_pct  visibility_m  temp_range_c  is_raining  anomaly_flag         extracted_at
          1        1            1           29.8                   88.0              0.00             9.1               137.0                1011.9             22.0        8363.0           8.1           0             0 2025-06-12T00:05:00Z
          2        2            1           31.7                   78.5              0.25            22.5               124.0                1010.1             41.0        9645.0           8.1           1             0 2025-06-12T00:05:00Z
          3        3            1           29.2                   69.5              0.09            15.2               173.0                1005.8             27.0       10938.0           8.1           1             0 2025-06-12T00:05:00Z
          4        4            1           31.5                   85.7              0.00            21.4               169.0                1008.9             62.0        9950.0           8.1           0             0 2025-06-12T00:05:00Z
          5        5            1           27.6                   76.2              0.08            19.8               327.0                1011.4             41.0        9675.0           8.1           1             0 2025-06-12T00:05:00Z
          6        6            1           27.6                   85.0              0.03            10.9                88.0                1010.4             22.0        9348.0           8.1           1             0 2025-06-12T00:05:00Z
          7        7            1           27.8                   67.8              0.00             8.1                95.0                1014.6             47.0       11206.0           8.1           0             0 2025-06-12T00:05:00Z
          8        8            1           29.6                   82.5              0.00             8.3               164.0                1013.2             86.0        8871.0           8.1           0             0 2025-06-12T00:05:00Z
          9        9            1           26.6                   62.6              0.21            16.6               186.0                1008.6             85.0       11588.0           8.1           1             0 2025-06-12T00:05:00Z
         10       10            1           30.6                   72.6              0.11            23.8               319.0                1006.3             23.0        8850.0           8.1           1             0 2025-06-12T00:05:00Z

============================================================
TOTALS — fact_weather rows: 240  |  dim_time rows: 48
============================================================
2026-06-13 16:56:59 | INFO     | src.load.db_loader | Database connection closed.

✓ DEMO RUN COMPLETE
